1652867760  NhJ9W2ck1vfEaesd4hWXg5Pl 
1652872981  NhJ9W2ck1vfEaesd4hWXg5Pl 
1652873123  NhJ9W2ck1vfEaesd4hWXg5Pl 
1652873124  NhJ9W2ck1vfEaesd4hWXg5Pl 
1652873160  NhJ9W2ck1vfEaesd4hWXg5Pl 
1652873196  NhJ9W2ck1vfEaesd4hWXg5Pl 
1652873197  NhJ9W2ck1vfEaesd4hWXg5Pl 
1652873198  NhJ9W2ck1vfEaesd4hWXg5Pl 
1652873198  NhJ9W2ck1vfEaesd4hWXg5Pl 
1652873219  NhJ9W2ck1vfEaesd4hWXg5Pl 
1652873265  NhJ9W2ck1vfEaesd4hWXg5Pl 
1652873322  NhJ9W2ck1vfEaesd4hWXg5Pl 
1652873344  NhJ9W2ck1vfEaesd4hWXg5Pl 
1652873411  NhJ9W2ck1vfEaesd4hWXg5Pl 
1652873436  NhJ9W2ck1vfEaesd4hWXg5Pl 
1652873623  NhJ9W2ck1vfEaesd4hWXg5Pl 
1652873624  NhJ9W2ck1vfEaesd4hWXg5Pl 
1652873716  NhJ9W2ck1vfEaesd4hWXg5Pl 
1652873775  NhJ9W2ck1vfEaesd4hWXg5Pl 
1652873839  NhJ9W2ck1vfEaesd4hWXg5Pl 
1652873840  NhJ9W2ck1vfEaesd4hWXg5Pl 
1652874057  NhJ9W2ck1vfEaesd4hWXg5Pl 
1652874349  NhJ9W2ck1vfEaesd4hWXg5Pl 
1652874484  NhJ9W2ck1vfEaesd4hWXg5Pl 
1652875459  NhJ9W2ck1vfEaesd4hWXg5Pl 
1652875460  NhJ9W2ck1vfEaesd4hWXg5Pl 
1652875511  NhJ9W2ck1vfEaesd4hWXg5Pl 
1652875512  NhJ9W2ck1vfEaesd4hWXg5Pl 
1652875512  NhJ9W2ck1vfEaesd4hWXg5Pl 
1652875512  NhJ9W2ck1vfEaesd4hWXg5Pl 
1652875512  NhJ9W2ck1vfEaesd4hWXg5Pl 
1652876822  NhJ9W2ck1vfEaesd4hWXg5Pl 
1652877050  NhJ9W2ck1vfEaesd4hWXg5Pl 
1652877051  NhJ9W2ck1vfEaesd4hWXg5Pl 
1652877175  NhJ9W2ck1vfEaesd4hWXg5Pl 
1652877253  NhJ9W2ck1vfEaesd4hWXg5Pl 
1652877253  NhJ9W2ck1vfEaesd4hWXg5Pl 
1652877270  NhJ9W2ck1vfEaesd4hWXg5Pl 
1652877384  NhJ9W2ck1vfEaesd4hWXg5Pl 
1652877390  NhJ9W2ck1vfEaesd4hWXg5Pl 
1652877602  NhJ9W2ck1vfEaesd4hWXg5Pl 
1652877602  NhJ9W2ck1vfEaesd4hWXg5Pl 
1652877904  NhJ9W2ck1vfEaesd4hWXg5Pl 
1652878152  NhJ9W2ck1vfEaesd4hWXg5Pl 
1652879347  NhJ9W2ck1vfEaesd4hWXg5Pl 
1652880875  NhJ9W2ck1vfEaesd4hWXg5Pl 
1652880898  NhJ9W2ck1vfEaesd4hWXg5Pl 
1652880900  NhJ9W2ck1vfEaesd4hWXg5Pl 
1652880941  NhJ9W2ck1vfEaesd4hWXg5Pl 
1652881298  NhJ9W2ck1vfEaesd4hWXg5Pl 
1652881332  NhJ9W2ck1vfEaesd4hWXg5Pl 
1652881342  NhJ9W2ck1vfEaesd4hWXg5Pl 
1652881377  NhJ9W2ck1vfEaesd4hWXg5Pl 
1652881440  NhJ9W2ck1vfEaesd4hWXg5Pl 
1652881664  NhJ9W2ck1vfEaesd4hWXg5Pl 
1652881666  NhJ9W2ck1vfEaesd4hWXg5Pl 
1652881879  NhJ9W2ck1vfEaesd4hWXg5Pl 
1652881955  NhJ9W2ck1vfEaesd4hWXg5Pl 
1652882071  NhJ9W2ck1vfEaesd4hWXg5Pl 
1652882420  NhJ9W2ck1vfEaesd4hWXg5Pl 
1652882422  NhJ9W2ck1vfEaesd4hWXg5Pl 
